2023.07.18 21:59:05 INFO  Started: Metals version 0.11.12 in workspace '/home/pedrobellini/Documents/jet_brains/projects_intellij/rock-the-jvm-scala-beginner-course' for client Visual Studio Code 1.80.1.
Jul 18, 2023 9:59:05 PM org.flywaydb.core.internal.license.VersionPrinter printVersionOnly
INFO: Flyway Community Edition 9.16.3 by Redgate
Jul 18, 2023 9:59:05 PM org.flywaydb.core.internal.license.VersionPrinter printVersion
INFO: See release notes here: https://rd.gt/416ObMi
Jul 18, 2023 9:59:05 PM org.flywaydb.core.internal.license.VersionPrinter printVersion
INFO: 
Jul 18, 2023 9:59:05 PM org.flywaydb.core.internal.database.base.BaseDatabaseType createDatabase
INFO: Database: jdbc:h2:file:/home/pedrobellini/Documents/jet_brains/projects_intellij/rock-the-jvm-scala-beginner-course/.metals/metals (H2 2.1)
Jul 18, 2023 9:59:05 PM org.flywaydb.core.internal.schemahistory.JdbcTableSchemaHistory allAppliedMigrations
INFO: Schema history table "PUBLIC"."flyway_schema_history" does not exist yet
Jul 18, 2023 9:59:05 PM org.flywaydb.core.internal.command.DbValidate validate
INFO: Successfully validated 4 migrations (execution time 00:00.021s)
Jul 18, 2023 9:59:05 PM org.flywaydb.core.internal.schemahistory.JdbcTableSchemaHistory create
INFO: Creating Schema History table "PUBLIC"."flyway_schema_history" ...
Jul 18, 2023 9:59:05 PM org.flywaydb.core.internal.command.DbMigrate migrateGroup
INFO: Current version of schema "PUBLIC": << Empty Schema >>
Jul 18, 2023 9:59:05 PM org.flywaydb.core.internal.command.DbMigrate doMigrateGroup
INFO: Migrating schema "PUBLIC" to version "1 - Create tables"
Jul 18, 2023 9:59:05 PM org.flywaydb.core.internal.command.DbMigrate doMigrateGroup
INFO: Migrating schema "PUBLIC" to version "2 - Server discovery"
Jul 18, 2023 9:59:05 PM org.flywaydb.core.internal.command.DbMigrate doMigrateGroup
INFO: Migrating schema "PUBLIC" to version "3 - Jar symbols"
Jul 18, 2023 9:59:05 PM org.flywaydb.core.internal.command.DbMigrate doMigrateGroup
INFO: Migrating schema "PUBLIC" to version "4 - Fingerprints"
Jul 18, 2023 9:59:05 PM org.flywaydb.core.internal.command.DbMigrate logSummary
INFO: Successfully applied 4 migrations to schema "PUBLIC", now at version v4 (execution time 00:00.069s)
2023.07.18 21:59:05 INFO  time: initialize in 0.62s
2023.07.18 21:59:07 WARN  Build server is not auto-connectable.
Jul 18, 2023 9:59:18 PM org.eclipse.lsp4j.jsonrpc.services.GenericEndpoint notify
INFO: Unsupported notification method: $/setTrace
2023.07.18 22:02:47 INFO  Shutting down server
2023.07.18 22:02:47 INFO  shutting down Metals
2023.07.18 22:02:47 INFO  Exiting server
